AlarmClock3.0/samples/RPSSample/build/outputs/logs/manifest-merger-debug-report.txt
-- Merging decision tree log ---
manifest
ADDED from samples\RPSSample\AndroidManifest.xml:22:1-58:12
	package
		ADDED from samples\RPSSample\AndroidManifest.xml:23:11-36
	android:versionName
		ADDED from samples\RPSSample\AndroidManifest.xml:25:11-36
	android:versionCode
		ADDED from samples\RPSSample\AndroidManifest.xml:24:11-34
		INJECTED from samples\RPSSample\AndroidManifest.xml
		INJECTED from samples\RPSSample\AndroidManifest.xml
	xmlns:android
		ADDED from samples\RPSSample\AndroidManifest.xml:22:11-69
uses-permission#android.permission.INTERNET
ADDED from samples\RPSSample\AndroidManifest.xml:26:5-66
	android:name
		ADDED from samples\RPSSample\AndroidManifest.xml:26:22-64
uses-permission#android.permission.WRITE_EXTERNAL_STORAGE
ADDED from samples\RPSSample\AndroidManifest.xml:27:5-80
	android:name
		ADDED from samples\RPSSample\AndroidManifest.xml:27:22-78
application
ADDED from samples\RPSSample\AndroidManifest.xml:28:5-57:19
MERGED from [com.facebook.android:facebook:4.6.0] AndroidManifest.xml:28:5-20
MERGED from [com.android.support:support-v4:22.2.0] AndroidManifest.xml:22:5-20
	android:label
		ADDED from samples\RPSSample\AndroidManifest.xml:28:18-50
	android:icon
		ADDED from samples\RPSSample\AndroidManifest.xml:29:18-47
	android:theme
		ADDED from samples\RPSSample\AndroidManifest.xml:30:18-65
activity#com.example.rps.MainActivity
ADDED from samples\RPSSample\AndroidManifest.xml:32:9-46:20
	android:screenOrientation
		ADDED from samples\RPSSample\AndroidManifest.xml:34:19-55
	android:label
		ADDED from samples\RPSSample\AndroidManifest.xml:33:19-51
	android:windowSoftInputMode
		ADDED from samples\RPSSample\AndroidManifest.xml:35:19-61
	android:name
		ADDED from samples\RPSSample\AndroidManifest.xml:32:19-62
intent-filter#android.intent.action.MAIN+android.intent.category.LAUNCHER
ADDED from samples\RPSSample\AndroidManifest.xml:36:13-39:29
action#android.intent.action.MAIN
ADDED from samples\RPSSample\AndroidManifest.xml:37:17-68
	android:name
		ADDED from samples\RPSSample\AndroidManifest.xml:37:25-66
category#android.intent.category.LAUNCHER
ADDED from samples\RPSSample\AndroidManifest.xml:38:17-76
	android:name
		ADDED from samples\RPSSample\AndroidManifest.xml:38:27-74
intent-filter#android.intent.action.VIEW+android.intent.category.BROWSABLE+android.intent.category.DEFAULT
ADDED from samples\RPSSample\AndroidManifest.xml:40:13-45:29
action#android.intent.action.VIEW
ADDED from samples\RPSSample\AndroidManifest.xml:41:17-69
	android:name
		ADDED from samples\RPSSample\AndroidManifest.xml:41:25-66
category#android.intent.category.DEFAULT
ADDED from samples\RPSSample\AndroidManifest.xml:42:17-76
	android:name
		ADDED from samples\RPSSample\AndroidManifest.xml:42:27-73
category#android.intent.category.BROWSABLE
ADDED from samples\RPSSample\AndroidManifest.xml:43:17-78
	android:name
		ADDED from samples\RPSSample\AndroidManifest.xml:43:27-75
data
ADDED from samples\RPSSample\AndroidManifest.xml:44:17-69
	android:host
		ADDED from samples\RPSSample\AndroidManifest.xml:44:23-43
	android:scheme
		ADDED from samples\RPSSample\AndroidManifest.xml:44:44-66
activity#com.facebook.FacebookActivity
ADDED from samples\RPSSample\AndroidManifest.xml:47:9-50:54
	android:label
		ADDED from samples\RPSSample\AndroidManifest.xml:50:19-51
	android:configChanges
		ADDED from samples\RPSSample\AndroidManifest.xml:48:19-102
	android:theme
		ADDED from samples\RPSSample\AndroidManifest.xml:49:19-78
	android:name
		ADDED from samples\RPSSample\AndroidManifest.xml:47:19-63
meta-data#com.facebook.sdk.ApplicationId
ADDED from samples\RPSSample\AndroidManifest.xml:51:9-98
	android:value
		ADDED from samples\RPSSample\AndroidManifest.xml:51:66-96
	android:name
		ADDED from samples\RPSSample\AndroidManifest.xml:51:20-65
meta-data#com.facebook.sdk.ApplicationName
ADDED from samples\RPSSample\AndroidManifest.xml:52:9-53:64
	android:value
		ADDED from samples\RPSSample\AndroidManifest.xml:53:20-61
	android:name
		ADDED from samples\RPSSample\AndroidManifest.xml:52:20-67
provider#com.facebook.FacebookContentProvider
ADDED from samples\RPSSample\AndroidManifest.xml:54:9-56:45
	android:authorities
		ADDED from samples\RPSSample\AndroidManifest.xml:54:19-96
	android:exported
		ADDED from samples\RPSSample\AndroidManifest.xml:56:19-42
	android:name
		ADDED from samples\RPSSample\AndroidManifest.xml:55:19-70
uses-sdk
INJECTED from samples\RPSSample\AndroidManifest.xml reason: use-sdk injection requested
MERGED from [com.facebook.android:facebook:4.6.0] AndroidManifest.xml:24:5-26:41
MERGED from [com.android.support:support-v4:22.2.0] AndroidManifest.xml:20:5-43
	android:targetSdkVersion
		INJECTED from samples\RPSSample\AndroidManifest.xml
		INJECTED from samples\RPSSample\AndroidManifest.xml
	android:minSdkVersion
		INJECTED from samples\RPSSample\AndroidManifest.xml
		INJECTED from samples\RPSSample\AndroidManifest.xml